Stacktrace

Execution failed: `main' threw exception: java.lang.AssertionError: endsWith(package-info.java, package-info) != true    

Standard Output

OK: endsWith(/x/y/z/package-info.java, package-info) = true
OK: endsWith(\x\y\z\package-info.java, package-info) = true
OK: endsWith(..\x\y\z\package-info.java, package-info) = true
OK: endsWith(Package-info.java, package-info) = false
OK: endsWith(../x/y/z/package-info.java, package-info) = true
OK: endsWith(/x/y/z/package-info.java, package-info) = true
OK: endsWith(x/y/z/package-info.java, package-info) = true
    

Standard Error

java.lang.AssertionError: endsWith(package-info.java, package-info) != true
	at T6198196.test(T6198196.java:44)
	at T6198196.main(T6198196.java:64)
	at sun.reflect.NativeMethodAccessorImpl.invoke0(java.base@9-internal/Native Method)
	at sun.reflect.NativeMethodAccessorImpl.invoke(java.base@9-internal/NativeMethodAccessorImpl.java:62)
	at sun.reflect.DelegatingMethodAccessorImpl.invoke(java.base@9-internal/DelegatingMethodAccessorImpl.java:43)
	at java.lang.reflect.Method.invoke(java.base@9-internal/Method.java:531)
	at com.sun.javatest.regtest.agent.MainActionHelper$SameVMRunnable.run(MainActionHelper.java:226)
	at java.lang.Thread.run(java.base@9-internal/Thread.java:804)

JavaTest Message: Test threw exception: java.lang.AssertionError
JavaTest Message: shutting down test
