https://github.com/JetBrains/kotlin/blob/master/build.gradle.kts#L73
When i tried to advance it build failed with a lot of errors like `is compiled by a pre-release version of Kotlin and cannot be loaded by this version of the compiler`
Now maven test failing with following output:
```
[INFO] Error stacktraces are turned on.
[INFO] Scanning for projects...
[INFO]                                                                         
[INFO] ------------------------------------------------------------------------
[INFO] Building test-kotlin-version-in-manifest 1.0-SNAPSHOT
[INFO] ------------------------------------------------------------------------
[INFO] 
[INFO] --- kotlin-maven-plugin:1.4.0-dev-537:compile (compile) @ test-kotlin-version-in-manifest ---
[INFO] 
[INFO] --- maven-resources-plugin:2.6:resources (default-resources) @ test-kotlin-version-in-manifest ---
[WARNING] Using platform encoding (UTF-8 actually) to copy filtered resources, i.e. build is platform dependent!
[INFO] skip non existing resourceDirectory /mnt/agent/work/b154b489baa9aa71/kotlin/libraries/tools/kotlin-maven-plugin-test/target/it/test-kotlin-version-in-manifest/src/main/resources
[INFO] 
[INFO] --- maven-compiler-plugin:2.3.2:compile (default-compile) @ test-kotlin-version-in-manifest ---
[INFO] Nothing to compile - all classes are up to date
[INFO] 
[INFO] --- kotlin-maven-plugin:1.4.0-dev-537:test-compile (test-compile) @ test-kotlin-version-in-manifest ---
[WARNING] No sources found skipping Kotlin compile
[INFO] 
[INFO] --- maven-resources-plugin:2.6:testResources (default-testResources) @ test-kotlin-version-in-manifest ---
[WARNING] Using platform encoding (UTF-8 actually) to copy filtered resources, i.e. build is platform dependent!
[INFO] skip non existing resourceDirectory /mnt/agent/work/b154b489baa9aa71/kotlin/libraries/tools/kotlin-maven-plugin-test/target/it/test-kotlin-version-in-manifest/src/test/resources
[INFO] 
[INFO] --- maven-compiler-plugin:2.3.2:testCompile (default-testCompile) @ test-kotlin-version-in-manifest ---
[WARNING] File encoding has not been set, using platform encoding UTF-8, i.e. build is platform dependent!
[INFO] Compiling 1 source file to /mnt/agent/work/b154b489baa9aa71/kotlin/libraries/tools/kotlin-maven-plugin-test/target/it/test-kotlin-version-in-manifest/target/test-classes
[INFO] 
[INFO] --- maven-surefire-plugin:2.12.4:test (default-test) @ test-kotlin-version-in-manifest ---
[INFO] Surefire report directory: /mnt/agent/work/b154b489baa9aa71/kotlin/libraries/tools/kotlin-maven-plugin-test/target/it/test-kotlin-version-in-manifest/target/surefire-reports
-------------------------------------------------------
 T E S T S
-------------------------------------------------------
Running org.jetbrains.TestKotlinVersionInManifest
Tests run: 1, Failures: 1, Errors: 0, Skipped: 0, Time elapsed: 0.071 sec <<< FAILURE!
greeting(org.jetbrains.TestKotlinVersionInManifest)  Time elapsed: 0.051 sec  <<< FAILURE!
java.lang.AssertionError: Manifests at these locations do not have the correct value of the Kotlin-Version attribute (1.4). Please ensure that kotlin_language_version in libraries/build.gradle corresponds to the value in kotlin.KotlinVersion:
jar:file:/mnt/agent/work/b154b489baa9aa71/kotlin/libraries/tools/kotlin-maven-plugin-test/local-repo/org/jetbrains/kotlin/kotlin-stdlib/1.4.0-dev-537/kotlin-stdlib-1.4.0-dev-537.jar!/META-INF/MANIFEST.MF (actual value: 1.3)
jar:file:/mnt/agent/work/b154b489baa9aa71/kotlin/libraries/tools/kotlin-maven-plugin-test/local-repo/org/jetbrains/kotlin/kotlin-stdlib-jdk8/1.4.0-dev-537/kotlin-stdlib-jdk8-1.4.0-dev-537.jar!/META-INF/MANIFEST.MF (actual value: 1.3)
jar:file:/mnt/agent/work/b154b489baa9aa71/kotlin/libraries/tools/kotlin-maven-plugin-test/local-repo/org/jetbrains/kotlin/kotlin-stdlib-jdk7/1.4.0-dev-537/kotlin-stdlib-jdk7-1.4.0-dev-537.jar!/META-INF/MANIFEST.MF (actual value: 1.3)
jar:file:/mnt/agent/work/b154b489baa9aa71/kotlin/libraries/tools/kotlin-maven-plugin-test/local-repo/org/jetbrains/kotlin/kotlin-reflect/1.4.0-dev-537/kotlin-reflect-1.4.0-dev-537.jar!/META-INF/MANIFEST.MF (actual value: 1.3)
jar:file:/mnt/agent/work/b154b489baa9aa71/kotlin/libraries/tools/kotlin-maven-plugin-test/local-repo/org/jetbrains/kotlin/kotlin-stdlib-common/1.4.0-dev-537/kotlin-stdlib-common-1.4.0-dev-537.jar!/META-INF/MANIFEST.MF (actual value: 1.3)
jar:file:/mnt/agent/work/b154b489baa9aa71/kotlin/libraries/tools/kotlin-maven-plugin-test/local-repo/org/jetbrains/kotlin/kotlin-script-runtime/1.4.0-dev-537/kotlin-script-runtime-1.4.0-dev-537.jar!/META-INF/MANIFEST.MF (actual value: 1.3)
        at test.TestKt.main(test.kt:86)
        at org.jetbrains.TestKotlinVersionInManifest.greeting(TestKotlinVersionInManifest.java:24)
        at sun.reflect.NativeMethodAccessorImpl.invoke0(Native Method)
        at sun.reflect.NativeMethodAccessorImpl.invoke(NativeMethodAccessorImpl.java:62)
        at sun.reflect.DelegatingMethodAccessorImpl.invoke(DelegatingMethodAccessorImpl.java:43)
        at java.lang.reflect.Method.invoke(Method.java:498)
        at org.junit.runners.model.FrameworkMethod$1.runReflectiveCall(FrameworkMethod.java:44)
        at org.junit.internal.runners.model.ReflectiveCallable.run(ReflectiveCallable.java:15)
        at org.junit.runners.model.FrameworkMethod.invokeExplosively(FrameworkMethod.java:41)
        at org.junit.internal.runners.statements.InvokeMethod.evaluate(InvokeMethod.java:20)
        at org.junit.runners.ParentRunner.runLeaf(ParentRunner.java:263)
        at org.junit.runners.BlockJUnit4ClassRunner.runChild(BlockJUnit4ClassRunner.java:69)
        at org.junit.runners.BlockJUnit4ClassRunner.runChild(BlockJUnit4ClassRunner.java:48)
        at org.junit.runners.ParentRunner$3.run(ParentRunner.java:231)
        at org.junit.runners.ParentRunner$1.schedule(ParentRunner.java:60)
        at org.junit.runners.ParentRunner.runChildren(ParentRunner.java:229)
        at org.junit.runners.ParentRunner.access$000(ParentRunner.java:50)
        at org.junit.runners.ParentRunner$2.evaluate(ParentRunner.java:222)
        at org.junit.runners.ParentRunner.run(ParentRunner.java:292)
        at org.apache.maven.surefire.junit4.JUnit4Provider.execute(JUnit4Provider.java:252)
        at org.apache.maven.surefire.junit4.JUnit4Provider.executeTestSet(JUnit4Provider.java:141)
        at org.apache.maven.surefire.junit4.JUnit4Provider.invoke(JUnit4Provider.java:112)
        at sun.reflect.NativeMethodAccessorImpl.invoke0(Native Method)
        at sun.reflect.NativeMethodAccessorImpl.invoke(NativeMethodAccessorImpl.java:62)
        at sun.reflect.DelegatingMethodAccessorImpl.invoke(DelegatingMethodAccessorImpl.java:43)
        at java.lang.reflect.Method.invoke(Method.java:498)
        at org.apache.maven.surefire.util.ReflectionUtils.invokeMethodWithArray(ReflectionUtils.java:189)
        at org.apache.maven.surefire.booter.ProviderFactory$ProviderProxy.invoke(ProviderFactory.java:165)
        at org.apache.maven.surefire.booter.ProviderFactory.invokeProvider(ProviderFactory.java:85)
        at org.apache.maven.surefire.booter.ForkedBooter.runSuitesInProcess(ForkedBooter.java:115)
        at org.apache.maven.surefire.booter.ForkedBooter.main(ForkedBooter.java:75)
Results :
Failed tests:   greeting(org.jetbrains.TestKotlinVersionInManifest): Manifests at these locations do not have the correct value of the Kotlin-Version attribute (1.4). Please ensure that kotlin_language_version in libraries/build.gradle corresponds to the value in kotlin.KotlinVersion:(..)
Tests run: 1, Failures: 1, Errors: 0, Skipped: 0
[INFO] ------------------------------------------------------------------------
[INFO] BUILD FAILURE
[INFO] ------------------------------------------------------------------------
[INFO] Total time: 5.686 s
[INFO] Finished at: 2019-12-30T18:43:31+00:00
[INFO] Final Memory: 43M/585M
[INFO] ------------------------------------------------------------------------
[ERROR] Failed to execute goal org.apache.maven.plugins:maven-surefire-plugin:2.12.4:test (default-test) on project test-kotlin-version-in-manifest: There are test failures.
[ERROR] 
[ERROR] Please refer to /mnt/agent/work/b154b489baa9aa71/kotlin/libraries/tools/kotlin-maven-plugin-test/target/it/test-kotlin-version-in-manifest/target/surefire-reports for the individual test results.
[ERROR] -> [Help 1]
org.apache.maven.lifecycle.LifecycleExecutionException: Failed to execute goal org.apache.maven.plugins:maven-surefire-plugin:2.12.4:test (default-test) on project test-kotlin-version-in-manifest: There are test failures.
Please refer to /mnt/agent/work/b154b489baa9aa71/kotlin/libraries/tools/kotlin-maven-plugin-test/target/it/test-kotlin-version-in-manifest/target/surefire-reports for the individual test results.
        at org.apache.maven.lifecycle.internal.MojoExecutor.execute(MojoExecutor.java:212)
        at org.apache.maven.lifecycle.internal.MojoExecutor.execute(MojoExecutor.java:153)
        at org.apache.maven.lifecycle.internal.MojoExecutor.execute(MojoExecutor.java:145)
        at org.apache.maven.lifecycle.internal.LifecycleModuleBuilder.buildProject(LifecycleModuleBuilder.java:116)
        at org.apache.maven.lifecycle.internal.LifecycleModuleBuilder.buildProject(LifecycleModuleBuilder.java:80)
        at org.apache.maven.lifecycle.internal.builder.singlethreaded.SingleThreadedBuilder.build(SingleThreadedBuilder.java:51)
        at org.apache.maven.lifecycle.internal.LifecycleStarter.execute(LifecycleStarter.java:128)
        at org.apache.maven.DefaultMaven.doExecute(DefaultMaven.java:307)
        at org.apache.maven.DefaultMaven.doExecute(DefaultMaven.java:193)
        at org.apache.maven.DefaultMaven.execute(DefaultMaven.java:106)
        at org.apache.maven.cli.MavenCli.execute(MavenCli.java:863)
        at org.apache.maven.cli.MavenCli.doMain(MavenCli.java:288)
        at org.apache.maven.cli.MavenCli.main(MavenCli.java:199)
        at sun.reflect.NativeMethodAccessorImpl.invoke0(Native Method)
        at sun.reflect.NativeMethodAccessorImpl.invoke(NativeMethodAccessorImpl.java:62)
        at sun.reflect.DelegatingMethodAccessorImpl.invoke(DelegatingMethodAccessorImpl.java:43)
        at java.lang.reflect.Method.invoke(Method.java:498)
        at org.codehaus.plexus.classworlds.launcher.Launcher.launchEnhanced(Launcher.java:289)
        at org.codehaus.plexus.classworlds.launcher.Launcher.launch(Launcher.java:229)
        at org.codehaus.plexus.classworlds.launcher.Launcher.mainWithExitCode(Launcher.java:415)
        at org.codehaus.plexus.classworlds.launcher.Launcher.main(Launcher.java:356)
Caused by: org.apache.maven.plugin.MojoFailureException: There are test failures.
Please refer to /mnt/agent/work/b154b489baa9aa71/kotlin/libraries/tools/kotlin-maven-plugin-test/target/it/test-kotlin-version-in-manifest/target/surefire-reports for the individual test results.
        at org.apache.maven.plugin.surefire.SurefireHelper.reportExecution(SurefireHelper.java:83)
        at org.apache.maven.plugin.surefire.SurefirePlugin.writeSummary(SurefirePlugin.java:176)
        at org.apache.maven.plugin.surefire.SurefirePlugin.handleSummary(SurefirePlugin.java:150)
        at org.apache.maven.plugin.surefire.AbstractSurefireMojo.executeAfterPreconditionsChecked(AbstractSurefireMojo.java:650)
        at org.apache.maven.plugin.surefire.AbstractSurefireMojo.execute(AbstractSurefireMojo.java:586)
        at org.apache.maven.plugin.DefaultBuildPluginManager.executeMojo(DefaultBuildPluginManager.java:134)
        at org.apache.maven.lifecycle.internal.MojoExecutor.execute(MojoExecutor.java:207)
        ... 20 more
[ERROR] 
[ERROR] Re-run Maven using the -X switch to enable full debug logging.
[ERROR] 
[ERROR] For more information about the errors and possible solutions, please read the following articles:
[ERROR] [Help 1] http://cwiki.apache.org/confluence/display/MAVEN/MojoFailureException
```