## minimized code
When preparing `sconfig` to compile with Dotty. There  is currently another issue as well: https://github.com/lampepfl/dotty/issues/7174

https://github.com/ekrich/sconfig/tree/topic/dotty

Using the branch above:
```
$ sbt
sbt:sconfig-root> ++0.18.1-RC1
sbt:sconfig-root> compile
```
Notes from Gitter - [September 5, 2019 5:47 PM](https://gitter.im/lampepfl/dotty?at=5d71aca83b1e5e5df15d383f)

Portions removed.
<details>
<summary>Stack trace</summary>

```scala
[info] Compiling 101 Scala sources and 1 Java source to /Users/eric/workspace/sconfig/sconfig/jvm/target/scala-0.18/classes ...
[error] -- Error: /Users/eric/workspace/sconfig/sconfig/shared/src/main/scala/org/ekrich/config/ConfigSyntax.scala:17:34 
[error] 17 |    extends jl.Enum[ConfigSyntax](name, ordinal)
[error]    |                                  ^^^^
[error]    |too many arguments for constructor Enum: (): Enum[org.ekrich.config.ConfigSyntax]
[error] -- Error: /Users/eric/workspace/sconfig/sconfig/shared/src/main/scala/org/ekrich/config/ConfigValueType.scala:13:37 
[error] 13 |    extends jl.Enum[ConfigValueType](name, ordinal)
[error]    |                                     ^^^^
[error]    |too many arguments for constructor Enum: (): Enum[org.ekrich.config.ConfigValueType]
assertion failure for org.ekrich.config.impl.SimpleConfigList <:< ?{ concatenate: ? }, frozen = false
[info] exception occurred while typechecking /Users/eric/workspace/sconfig/sconfig/shared/src/main/scala/org/ekrich/config/impl/ConfigConcatenation.scala
[info] exception occurred while compiling /Users/eric/workspace/sconfig/sconfig/jvm/src/main/java/org/ekrich/config/Optional.java,
...
[error] ## Exception when compiling 102 sources to /Users/eric/workspace/sconfig/sconfig/jvm/target/scala-0.18/classes
[error] assertion failed: org.ekrich.config.ConfigOrigin & (): org.ekrich.config.impl.SimpleConfigOrigin / TypeRef(ThisType(TypeRef(NoPrefix,module class config)),class ConfigOrigin) & MethodType(List(), List(), TypeRef(ThisType(TypeRef(NoPrefix,module class impl)),class SimpleConfigOrigin))
[error] dotty.DottyPredef$.assertFail(DottyPredef.scala:16)
[error] dotty.tools.dotc.core.Types$AndType$.apply(Types.scala:2778)
[error] dotty.tools.dotc.core.TypeComparer.andType$$anonfun$1(TypeComparer.scala:1923)
[error] dotty.tools.dotc.core.TypeComparer.liftIfHK(TypeComparer.scala:1962)
[error] dotty.tools.dotc.core.TypeComparer.andTypeGen(TypeComparer.scala:1900)
[error] dotty.tools.dotc.core.TypeComparer.andType(TypeComparer.scala:1923)
[error] dotty.tools.dotc.core.TypeComparer.glb(TypeComparer.scala:1722)
[error] dotty.tools.dotc.core.Types$Type.$amp(Types.scala:951)
[error] dotty.tools.dotc.core.Denotations$.infoMeet(Denotations.scala:655)
[error] dotty.tools.dotc.core.Denotations$Denotation.mergeSingleDenot$1(Denotations.scala:480)
[error] dotty.tools.dotc.core.Denotations$Denotation.mergeDenot$1(Denotations.scala:400)
[error] dotty.tools.dotc.core.Denotations$Denotation.$amp(Denotations.scala:503)
[error] dotty.tools.dotc.core.Denotations$DenotUnion.toDenot(Denotations.scala:1258)
[error] dotty.tools.dotc.core.SymDenotations$ClassDenotation.findMember(SymDenotations.scala:1816)
[error] dotty.tools.dotc.core.Types$Type.go$1(Types.scala:565)
[error] dotty.tools.dotc.core.Types$Type.findMember(Types.scala:715)
...
[error] sbt.Execute.$anonfun$submit$1(Execute.scala:269)
[error] sbt.ConcurrentRestrictions$$anon$4.$anonfun$submitValid$1(ConcurrentRestrictions.scala:178)
[error] sbt.CompletionService$$anon$2.call(CompletionService.scala:37)
[error] java.util.concurrent.FutureTask.run(FutureTask.java:266)
[error] java.util.concurrent.Executors$RunnableAdapter.call(Executors.java:511)
[error] java.util.concurrent.FutureTask.run(FutureTask.java:266)
[error] java.util.concurrent.ThreadPoolExecutor.runWorker(ThreadPoolExecutor.java:1142)
[error] java.util.concurrent.ThreadPoolExecutor$Worker.run(ThreadPoolExecutor.java:617)
[error] java.lang.Thread.run(Thread.java:748)
[error]            
[error] java.lang.AssertionError: assertion failed: org.ekrich.config.ConfigOrigin & (): org.ekrich.config.impl.SimpleConfigOrigin / TypeRef(ThisType(TypeRef(NoPrefix,module class config)),class ConfigOrigin) & MethodType(List(), List(), TypeRef(ThisType(TypeRef(NoPrefix,module class impl)),class SimpleConfigOrigin))
[error] 	at dotty.DottyPredef$.assertFail(DottyPredef.scala:16)
[error] 	at dotty.tools.dotc.core.Types$AndType$.apply(Types.scala:2778)
[error] 	at dotty.tools.dotc.core.TypeComparer.andType$$anonfun$1(TypeComparer.scala:1923)
[error] 	at dotty.tools.dotc.core.TypeComparer.liftIfHK(TypeComparer.scala:1962)
[error] 	at dotty.tools.dotc.core.TypeComparer.andTypeGen(TypeComparer.scala:1900)
[error] 	at dotty.tools.dotc.core.TypeComparer.andType(TypeComparer.scala:1923)
[error] 	at dotty.tools.dotc.core.TypeComparer.glb(TypeComparer.scala:1722)
[error] 	at dotty.tools.dotc.core.Types$Type.$amp(Types.scala:951)
[error] 	at dotty.tools.dotc.core.Denotations$.infoMeet(Denotations.scala:655)
[error] 	at dotty.tools.dotc.core.Denotations$Denotation.mergeSingleDenot$1(Denotations.scala:480)
[error] 	at dotty.tools.dotc.core.Denotations$Denotation.mergeDenot$1(Denotations.scala:400)
[error] 	at dotty.tools.dotc.core.Denotations$Denotation.$amp(Denotations.scala:503)
[error] 	at dotty.tools.dotc.core.Denotations$DenotUnion.toDenot(Denotations.scala:1258)
[error] 	at dotty.tools.dotc.core.SymDenotations$ClassDenotation.findMember(SymDenotations.scala:1816)
[error] 	at dotty.tools.dotc.core.Types$Type.go$1(Types.scala:565)
[error] 	at dotty.tools.dotc.core.Types$Type.findMember(Types.scala:715)
[error] 	at dotty.tools.dotc.core.Types$Type.memberBasedOnFlags(Types.scala:548)
[error] 	at dotty.tools.dotc.core.Types$Type.nonPrivateMember(Types.scala:538)
[error] 	at dotty.tools.dotc.typer.TypeAssigner.test$1(TypeAssigner.scala:202)
[error] 	at dotty.tools.dotc.typer.TypeAssigner.ensureAccessible(TypeAssigner.scala:229)
...
[error] 	at sbt.internal.util.ErrorHandling$.wideConvert(ErrorHandling.scala:16)
[error] 	at sbt.Execute.work(Execute.scala:278)
[error] 	at sbt.Execute.$anonfun$submit$1(Execute.scala:269)
[error] 	at sbt.ConcurrentRestrictions$$anon$4.$anonfun$submitValid$1(ConcurrentRestrictions.scala:178)
[error] 	at sbt.CompletionService$$anon$2.call(CompletionService.scala:37)
[error] 	at java.util.concurrent.FutureTask.run(FutureTask.java:266)
[error] 	at java.util.concurrent.Executors$RunnableAdapter.call(Executors.java:511)
[error] 	at java.util.concurrent.FutureTask.run(FutureTask.java:266)
[error] 	at java.util.concurrent.ThreadPoolExecutor.runWorker(ThreadPoolExecutor.java:1142)
[error] 	at java.util.concurrent.ThreadPoolExecutor$Worker.run(ThreadPoolExecutor.java:617)
[error] 	at java.lang.Thread.run(Thread.java:748)
[error] (sconfigJVM / Compile / compileIncremental) java.lang.AssertionError: assertion failed: org.ekrich.config.ConfigOrigin & (): org.ekrich.config.impl.SimpleConfigOrigin / TypeRef(ThisType(TypeRef(NoPrefix,module class config)),class ConfigOrigin) & MethodType(List(), List(), TypeRef(ThisType(TypeRef(NoPrefix,module class impl)),class SimpleConfigOrigin))

```
</details>
